/Users/AgyemangFamily/.rvm/gems/ruby-1.9.3-p0/gems/railties-3.2.11/lib/rails/commands/runner.rb:53:in `eval': Error connecting to Redis on localhost:6379 (ECONNREFUSED) (Redis::CannotConnectError)
	from /Users/AgyemangFamily/.rvm/gems/ruby-1.9.3-p0/gems/redis-3.0.4/lib/redis/client.rb:271:in `establish_connection'
	from /Users/AgyemangFamily/.rvm/gems/ruby-1.9.3-p0/gems/redis-3.0.4/lib/redis/client.rb:69:in `connect'
	from /Users/AgyemangFamily/.rvm/gems/ruby-1.9.3-p0/gems/redis-3.0.4/lib/redis/client.rb:290:in `ensure_connected'
	from /Users/AgyemangFamily/.rvm/gems/ruby-1.9.3-p0/gems/redis-3.0.4/lib/redis/client.rb:177:in `block in process'
	from /Users/AgyemangFamily/.rvm/gems/ruby-1.9.3-p0/gems/redis-3.0.4/lib/redis/client.rb:256:in `logging'
	from /Users/AgyemangFamily/.rvm/gems/ruby-1.9.3-p0/gems/redis-3.0.4/lib/redis/client.rb:176:in `process'
	from /Users/AgyemangFamily/.rvm/gems/ruby-1.9.3-p0/gems/redis-3.0.4/lib/redis/client.rb:84:in `call'
	from /Users/AgyemangFamily/.rvm/gems/ruby-1.9.3-p0/gems/redis-3.0.4/lib/redis.rb:1350:in `block in zadd'
	from /Users/AgyemangFamily/.rvm/gems/ruby-1.9.3-p0/gems/redis-3.0.4/lib/redis.rb:36:in `block in synchronize'
	from /Users/AgyemangFamily/.rvm/rubies/ruby-1.9.3-p0/lib/ruby/1.9.1/monitor.rb:211:in `mon_synchronize'
	from /Users/AgyemangFamily/.rvm/gems/ruby-1.9.3-p0/gems/redis-3.0.4/lib/redis.rb:36:in `synchronize'
	from /Users/AgyemangFamily/.rvm/gems/ruby-1.9.3-p0/gems/redis-3.0.4/lib/redis.rb:1347:in `zadd'
	from /Users/AgyemangFamily/.rvm/gems/ruby-1.9.3-p0/gems/sidekiq-2.14.0/lib/sidekiq/client.rb:97:in `block in raw_push'
	from /Users/AgyemangFamily/.rvm/gems/ruby-1.9.3-p0/gems/connection_pool-1.1.0/lib/connection_pool.rb:49:in `with'
	from /Users/AgyemangFamily/.rvm/gems/ruby-1.9.3-p0/gems/sidekiq-2.14.0/lib/sidekiq.rb:67:in `redis'
	from /Users/AgyemangFamily/.rvm/gems/ruby-1.9.3-p0/gems/sidekiq-2.14.0/lib/sidekiq/client.rb:95:in `raw_push'
	from /Users/AgyemangFamily/.rvm/gems/ruby-1.9.3-p0/gems/sidekiq-2.14.0/lib/sidekiq/client.rb:44:in `push'
	from /Users/AgyemangFamily/.rvm/gems/ruby-1.9.3-p0/gems/sidekiq-2.14.0/lib/sidekiq/worker.rb:85:in `client_push'
	from /Users/AgyemangFamily/.rvm/gems/ruby-1.9.3-p0/gems/sidekiq-2.14.0/lib/sidekiq/worker.rb:52:in `perform_in'
	from /Users/AgyemangFamily/Projects/memoly_core/app/models/memoid.rb:44:in `block in run_notifier'
	from /Users/AgyemangFamily/Projects/memoly_core/app/models/memoid.rb:39:in `each'
	from /Users/AgyemangFamily/Projects/memoly_core/app/models/memoid.rb:39:in `run_notifier'
	from (eval):1:in `<top (required)>'
	from /Users/AgyemangFamily/.rvm/gems/ruby-1.9.3-p0/gems/railties-3.2.11/lib/rails/commands/runner.rb:53:in `eval'
	from /Users/AgyemangFamily/.rvm/gems/ruby-1.9.3-p0/gems/railties-3.2.11/lib/rails/commands/runner.rb:53:in `<top (required)>'
	from /Users/AgyemangFamily/.rvm/gems/ruby-1.9.3-p0/gems/railties-3.2.11/lib/rails/commands.rb:64:in `require'
	from /Users/AgyemangFamily/.rvm/gems/ruby-1.9.3-p0/gems/railties-3.2.11/lib/rails/commands.rb:64:in `<top (required)>'
	from script/rails:6:in `require'
	from script/rails:6:in `<main>'
2013-12-14T00:00:43Z 1844 TID-owj5yaybg INFO: Sidekiq client using redis://localhost:6379/0 with options {}
/Users/AgyemangFamily/.rvm/gems/ruby-1.9.3-p0/gems/railties-3.2.11/lib/rails/commands/runner.rb:53:in `eval': undefined method `past?' for nil:NilClass (NoMethodError)
	from /Users/AgyemangFamily/Projects/memoly_core/app/models/memoid.rb:39:in `each'
	from /Users/AgyemangFamily/Projects/memoly_core/app/models/memoid.rb:39:in `run_notifier'
	from (eval):1:in `<top (required)>'
	from /Users/AgyemangFamily/.rvm/gems/ruby-1.9.3-p0/gems/railties-3.2.11/lib/rails/commands/runner.rb:53:in `eval'
	from /Users/AgyemangFamily/.rvm/gems/ruby-1.9.3-p0/gems/railties-3.2.11/lib/rails/commands/runner.rb:53:in `<top (required)>'
	from /Users/AgyemangFamily/.rvm/gems/ruby-1.9.3-p0/gems/railties-3.2.11/lib/rails/commands.rb:64:in `require'
	from /Users/AgyemangFamily/.rvm/gems/ruby-1.9.3-p0/gems/railties-3.2.11/lib/rails/commands.rb:64:in `<top (required)>'
	from script/rails:6:in `require'
	from script/rails:6:in `<main>'
/Users/AgyemangFamily/.rvm/gems/ruby-1.9.3-p0/gems/railties-3.2.11/lib/rails/commands/runner.rb:53:in `eval': Error connecting to Redis on localhost:6379 (ECONNREFUSED) (Redis::CannotConnectError)
	from /Users/AgyemangFamily/.rvm/gems/ruby-1.9.3-p0/gems/redis-3.0.4/lib/redis/client.rb:271:in `establish_connection'
	from /Users/AgyemangFamily/.rvm/gems/ruby-1.9.3-p0/gems/redis-3.0.4/lib/redis/client.rb:69:in `connect'
	from /Users/AgyemangFamily/.rvm/gems/ruby-1.9.3-p0/gems/redis-3.0.4/lib/redis/client.rb:290:in `ensure_connected'
	from /Users/AgyemangFamily/.rvm/gems/ruby-1.9.3-p0/gems/redis-3.0.4/lib/redis/client.rb:177:in `block in process'
	from /Users/AgyemangFamily/.rvm/gems/ruby-1.9.3-p0/gems/redis-3.0.4/lib/redis/client.rb:256:in `logging'
	from /Users/AgyemangFamily/.rvm/gems/ruby-1.9.3-p0/gems/redis-3.0.4/lib/redis/client.rb:176:in `process'
	from /Users/AgyemangFamily/.rvm/gems/ruby-1.9.3-p0/gems/redis-3.0.4/lib/redis/client.rb:84:in `call'
	from /Users/AgyemangFamily/.rvm/gems/ruby-1.9.3-p0/gems/redis-3.0.4/lib/redis.rb:1350:in `block in zadd'
	from /Users/AgyemangFamily/.rvm/gems/ruby-1.9.3-p0/gems/redis-3.0.4/lib/redis.rb:36:in `block in synchronize'
	from /Users/AgyemangFamily/.rvm/rubies/ruby-1.9.3-p0/lib/ruby/1.9.1/monitor.rb:211:in `mon_synchronize'
	from /Users/AgyemangFamily/.rvm/gems/ruby-1.9.3-p0/gems/redis-3.0.4/lib/redis.rb:36:in `synchronize'
	from /Users/AgyemangFamily/.rvm/gems/ruby-1.9.3-p0/gems/redis-3.0.4/lib/redis.rb:1347:in `zadd'
	from /Users/AgyemangFamily/.rvm/gems/ruby-1.9.3-p0/gems/sidekiq-2.14.0/lib/sidekiq/client.rb:97:in `block in raw_push'
	from /Users/AgyemangFamily/.rvm/gems/ruby-1.9.3-p0/gems/connection_pool-1.1.0/lib/connection_pool.rb:49:in `with'
	from /Users/AgyemangFamily/.rvm/gems/ruby-1.9.3-p0/gems/sidekiq-2.14.0/lib/sidekiq.rb:67:in `redis'
	from /Users/AgyemangFamily/.rvm/gems/ruby-1.9.3-p0/gems/sidekiq-2.14.0/lib/sidekiq/client.rb:95:in `raw_push'
	from /Users/AgyemangFamily/.rvm/gems/ruby-1.9.3-p0/gems/sidekiq-2.14.0/lib/sidekiq/client.rb:44:in `push'
	from /Users/AgyemangFamily/.rvm/gems/ruby-1.9.3-p0/gems/sidekiq-2.14.0/lib/sidekiq/worker.rb:85:in `client_push'
	from /Users/AgyemangFamily/.rvm/gems/ruby-1.9.3-p0/gems/sidekiq-2.14.0/lib/sidekiq/worker.rb:52:in `perform_in'
	from /Users/AgyemangFamily/Projects/memoly_core/app/models/memoid.rb:44:in `block in run_notifier'
	from /Users/AgyemangFamily/Projects/memoly_core/app/models/memoid.rb:39:in `each'
	from /Users/AgyemangFamily/Projects/memoly_core/app/models/memoid.rb:39:in `run_notifier'
	from (eval):1:in `<top (required)>'
	from /Users/AgyemangFamily/.rvm/gems/ruby-1.9.3-p0/gems/railties-3.2.11/lib/rails/commands/runner.rb:53:in `eval'
	from /Users/AgyemangFamily/.rvm/gems/ruby-1.9.3-p0/gems/railties-3.2.11/lib/rails/commands/runner.rb:53:in `<top (required)>'
	from /Users/AgyemangFamily/.rvm/gems/ruby-1.9.3-p0/gems/railties-3.2.11/lib/rails/commands.rb:64:in `require'
	from /Users/AgyemangFamily/.rvm/gems/ruby-1.9.3-p0/gems/railties-3.2.11/lib/rails/commands.rb:64:in `<top (required)>'
	from script/rails:6:in `require'
	from script/rails:6:in `<main>'
2013-12-21T06:09:18Z 541 TID-ovhu6x5j0 INFO: Sidekiq client using redis://localhost:6379/0 with options {}
/Users/AgyemangFamily/.rvm/gems/ruby-1.9.3-p0@global/gems/bundler-1.0.21/lib/bundler/resolver.rb:280:in `resolve': Could not find gem 'unicorn (>= 0) ruby' in any of the gem sources listed in your Gemfile. (Bundler::GemNotFound)
	from /Users/AgyemangFamily/.rvm/gems/ruby-1.9.3-p0@global/gems/bundler-1.0.21/lib/bundler/resolver.rb:160:in `start'
	from /Users/AgyemangFamily/.rvm/gems/ruby-1.9.3-p0@global/gems/bundler-1.0.21/lib/bundler/resolver.rb:128:in `block in resolve'
	from /Users/AgyemangFamily/.rvm/gems/ruby-1.9.3-p0@global/gems/bundler-1.0.21/lib/bundler/resolver.rb:127:in `catch'
	from /Users/AgyemangFamily/.rvm/gems/ruby-1.9.3-p0@global/gems/bundler-1.0.21/lib/bundler/resolver.rb:127:in `resolve'
	from /Users/AgyemangFamily/.rvm/gems/ruby-1.9.3-p0@global/gems/bundler-1.0.21/lib/bundler/definition.rb:151:in `resolve'
	from /Users/AgyemangFamily/.rvm/gems/ruby-1.9.3-p0@global/gems/bundler-1.0.21/lib/bundler/definition.rb:90:in `specs'
	from /Users/AgyemangFamily/.rvm/gems/ruby-1.9.3-p0@global/gems/bundler-1.0.21/lib/bundler/definition.rb:135:in `specs_for'
	from /Users/AgyemangFamily/.rvm/gems/ruby-1.9.3-p0@global/gems/bundler-1.0.21/lib/bundler/definition.rb:124:in `requested_specs'
	from /Users/AgyemangFamily/.rvm/gems/ruby-1.9.3-p0@global/gems/bundler-1.0.21/lib/bundler/environment.rb:23:in `requested_specs'
	from /Users/AgyemangFamily/.rvm/gems/ruby-1.9.3-p0@global/gems/bundler-1.0.21/lib/bundler/runtime.rb:11:in `setup'
	from /Users/AgyemangFamily/.rvm/gems/ruby-1.9.3-p0@global/gems/bundler-1.0.21/lib/bundler.rb:110:in `setup'
	from /Users/AgyemangFamily/.rvm/gems/ruby-1.9.3-p0@global/gems/bundler-1.0.21/lib/bundler/setup.rb:17:in `<top (required)>'
	from /Users/AgyemangFamily/.rvm/rubies/ruby-1.9.3-p0/lib/ruby/site_ruby/1.9.1/rubygems/custom_require.rb:59:in `require'
	from /Users/AgyemangFamily/.rvm/rubies/ruby-1.9.3-p0/lib/ruby/site_ruby/1.9.1/rubygems/custom_require.rb:59:in `rescue in require'
	from /Users/AgyemangFamily/.rvm/rubies/ruby-1.9.3-p0/lib/ruby/site_ruby/1.9.1/rubygems/custom_require.rb:35:in `require'
	from /Users/AgyemangFamily/Projects/memoly_core/config/boot.rb:6:in `<top (required)>'
	from /Users/AgyemangFamily/.rvm/rubies/ruby-1.9.3-p0/lib/ruby/site_ruby/1.9.1/rubygems/custom_require.rb:36:in `require'
	from /Users/AgyemangFamily/.rvm/rubies/ruby-1.9.3-p0/lib/ruby/site_ruby/1.9.1/rubygems/custom_require.rb:36:in `require'
	from script/rails:5:in `<main>'
